INFO ADV.surtidores,line 9895,18.08.2014/09:05:24,Maguera: 1Producto: ExtraVolumen :5.00Precio Unit: 1.480Iva: 0.8subtotal :6.6total: 7.4
INFO ADV.surtidores,line 9895,18.08.2014/09:06:24,Maguera: 1Producto: ExtraVolumen :5.00Precio Unit: 1.480Iva: 0.8subtotal :6.6total: 7.4
INFO ADV.surtidores,line 9895,18.08.2014/09:09:40,Maguera: 1Producto: ExtraVolumen :5.00Precio Unit: 1.480Iva: 0.8subtotal :6.6total: 7.4
INFO ADV.surtidores,line 9895,18.08.2014/09:10:21,Maguera: 1Producto: ExtraVolumen :5.00Precio Unit: 1.480Iva: 0.8subtotal :6.6total: 7.4
INFO ADV.surtidores,line 9895,18.08.2014/09:13:11,Maguera: 1Producto: ExtraVolumen :5.00Precio Unit: 1.480Iva: 0.8subtotal :6.6total: 7.4
INFO ADV.surtidores,line 9895,18.08.2014/09:13:34,Maguera: 1Producto: ExtraVolumen :5.00Precio Unit: 1.480Iva: 0.8subtotal :6.6total: 7.4
INFO ADV.surtidores,line 9895,18.08.2014/09:13:46,Maguera: 1Producto: ExtraVolumen :5.00Precio Unit: 1.480Iva: 0.8subtotal :6.6total: 7.4
INFO ADV.surtidores,line 9895,18.08.2014/09:14:00,Maguera: 1Producto: ExtraVolumen :5.00Precio Unit: 1.480Iva: 0.8subtotal :6.6total: 7.4
INFO ADV.surtidores,line 9895,18.08.2014/09:59:49,Maguera: 1Producto: ExtraVolumen :5.00Precio Unit: 1.480Iva: 0.8subtotal :6.6total: 7.4
INFO ADV.surtidores,line 9895,18.08.2014/10:18:00,Maguera: 1Producto: ExtraVolumen :5.00Precio Unit: 1.480Iva: 0.8subtotal :6.6total: 7.4
INFO ADV.surtidores,line 9895,18.08.2014/10:51:39,Maguera: 1Producto: ExtraVolumen :5.00Precio Unit: 1.480Iva: 0.8subtotal :6.6total: 7.4
INFO ADV.surtidores,line 10438,18.08.2014/10:51:44,Error: com.mysql.jdbc.exceptions.jdbc4.MySQLNonTransientConnectionException: No operations allowed after connection closed.
INFO ADV.surtidores,line 9895,18.08.2014/10:53:30,Maguera: 1Producto: ExtraVolumen :5.00Precio Unit: 1.480Iva: 0.8subtotal :6.6total: 7.4
INFO ADV.surtidores,line 10440,18.08.2014/10:53:37,Error: com.mysql.jdbc.exceptions.jdbc4.MySQLIntegrityConstraintViolationException: Cannot add or update a child row: a foreign key constraint fails (`adv_facturacion`.`configuracion`, CONSTRAINT `fk_configuracion_cliente1` FOREIGN KEY (`cliente_idcliente`) REFERENCES `cliente` (`idcliente`) ON DELETE NO ACTION ON UPDATE NO ACTION)
INFO ADV.surtidores,line 9895,18.08.2014/10:59:16,Maguera: 1Producto: ExtraVolumen :5.00Precio Unit: 1.480Iva: 0.8subtotal :6.6total: 7.4
INFO ADV.surtidores,line 9895,18.08.2014/11:02:37,Maguera: 1Producto: ExtraVolumen :5.00Precio Unit: 1.480Iva: 0.8subtotal :6.6total: 7.4
INFO ADV.surtidores,line 9895,18.08.2014/11:08:24,Maguera: 1Producto: ExtraVolumen :5.00Precio Unit: 1.480Iva: 0.8subtotal :6.6total: 7.4
INFO ADV.surtidores,line 9895,18.08.2014/11:14:53,Maguera: 1Producto: ExtraVolumen :5.00Precio Unit: 1.480Iva: 0.8subtotal :6.6total: 7.4
INFO ADV.surtidores,line 9895,18.08.2014/11:16:13,Maguera: 1Producto: ExtraVolumen :5.00Precio Unit: 1.480Iva: 0.8subtotal :6.6total: 7.4
INFO ADV.surtidores,line 9895,18.08.2014/11:17:22,Maguera: 1Producto: ExtraVolumen :5.00Precio Unit: 1.480Iva: 0.8subtotal :6.6total: 7.4
INFO ADV.surtidores,line 9895,18.08.2014/11:24:14,Maguera: 1Producto: ExtraVolumen :5.00Precio Unit: 1.480Iva: 0.8subtotal :6.6total: 7.4
INFO ADV.surtidores,line 9895,18.08.2014/11:29:29,Maguera: 1Producto: ExtraVolumen :5.00Precio Unit: 1.480Iva: 0.8subtotal :6.6total: 7.4
INFO ADV.surtidores,line 9895,18.08.2014/11:29:35,Maguera: 1Producto: ExtraVolumen :5.00Precio Unit: 1.480Iva: 0.8subtotal :6.6total: 7.4
INFO ADV.surtidores,line 9895,18.08.2014/11:29:38,Maguera: 1Producto: ExtraVolumen :5.00Precio Unit: 1.480Iva: 0.8subtotal :6.6total: 7.4
INFO ADV.surtidores,line 9895,18.08.2014/11:31:06,Maguera: 1Producto: ExtraVolumen :5.00Precio Unit: 1.480Iva: 0.8subtotal :6.6total: 7.4
INFO ADV.surtidores,line 9895,18.08.2014/11:34:20,Maguera: 1Producto: ExtraVolumen :5.00Precio Unit: 1.480Iva: 0.8subtotal :6.6total: 7.4
INFO ADV.surtidores,line 9895,18.08.2014/11:38:29,Maguera: 1Producto: ExtraVolumen :5.00Precio Unit: 1.480Iva: 0.8subtotal :6.6total: 7.4
INFO ADV.surtidores,line 9895,18.08.2014/11:41:00,Maguera: 1Producto: ExtraVolumen :5.00Precio Unit: 1.480Iva: 0.8subtotal :6.6total: 7.4
INFO ADV.surtidores,line 9895,18.08.2014/11:41:35,Maguera: 1Producto: ExtraVolumen :5.00Precio Unit: 1.480Iva: 0.8subtotal :6.6total: 7.4
INFO ADV.surtidores,line 9895,18.08.2014/11:44:35,Maguera: 1Producto: ExtraVolumen :5.00Precio Unit: 1.480Iva: 0.8subtotal :6.6total: 7.4
INFO ADV.surtidores,line 9895,18.08.2014/12:23:30,Maguera: 1Producto: ExtraVolumen :5.00Precio Unit: 1.480Iva: 0.8subtotal :6.6total: 7.4
INFO ADV.surtidores,line 9895,18.08.2014/12:23:53,Maguera: 1Producto: ExtraVolumen :5.00Precio Unit: 1.480Iva: 0.8subtotal :6.6total: 7.4
INFO ADV.surtidores,line 9895,18.08.2014/12:26:43,Maguera: 1Producto: ExtraVolumen :5.00Precio Unit: 1.480Iva: 0.8subtotal :6.6total: 7.4
INFO ADV.surtidores,line 9895,18.08.2014/12:28:24,Maguera: 1Producto: ExtraVolumen :5.00Precio Unit: 1.480Iva: 0.8subtotal :6.6total: 7.4
INFO ADV.surtidores,line 9895,18.08.2014/12:32:37,Maguera: 1Producto: ExtraVolumen :5.00Precio Unit: 1.480Iva: 0.8subtotal :6.6total: 7.4
INFO ADV.surtidores,line 9895,18.08.2014/12:33:12,Maguera: 1Producto: ExtraVolumen :5.00Precio Unit: 1.480Iva: 0.8subtotal :6.6total: 7.4
INFO ADV.surtidores,line 9895,18.08.2014/12:40:21,Maguera: 1Producto: ExtraVolumen :5.00Precio Unit: 1.480Iva: 0.8subtotal :6.6total: 7.4
INFO ADV.surtidores,line 9895,18.08.2014/12:53:15,Maguera: 1Producto: ExtraVolumen :5.00Precio Unit: 1.480Iva: 0.8subtotal :6.6total: 7.4
INFO ADV.surtidores,line 9895,18.08.2014/13:00:20,Maguera: 1Producto: ExtraVolumen :5.00Precio Unit: 1.480Iva: 0.8subtotal :6.6total: 7.4
INFO ADV.surtidores,line 9895,18.08.2014/13:00:33,Maguera: 1Producto: ExtraVolumen :5.00Precio Unit: 1.480Iva: 0.8subtotal :6.6total: 7.4
INFO ADV.surtidores,line 9895,18.08.2014/13:00:52,Maguera: 1Producto: ExtraVolumen :5.00Precio Unit: 1.480Iva: 0.8subtotal :6.6total: 7.4
INFO ADV.surtidores,line 9895,18.08.2014/13:01:27,Maguera: 1Producto: ExtraVolumen :5.00Precio Unit: 1.480Iva: 0.8subtotal :6.6total: 7.4
INFO ADV.surtidores,line 9895,18.08.2014/14:34:33,Maguera: 1Producto: ExtraVolumen :5.00Precio Unit: 1.480Iva: 0.8subtotal :6.6total: 7.4
INFO ADV.surtidores,line 9895,18.08.2014/14:35:41,Maguera: 1Producto: ExtraVolumen :5.00Precio Unit: 1.480Iva: 0.8subtotal :6.6total: 7.4
INFO ADV.surtidores,line 9895,18.08.2014/14:36:32,Maguera: 1Producto: ExtraVolumen :5.00Precio Unit: 1.480Iva: 0.8subtotal :6.6total: 7.4
INFO ADV.surtidores,line 9895,18.08.2014/14:37:24,Maguera: 1Producto: ExtraVolumen :5.00Precio Unit: 1.480Iva: 0.8subtotal :6.6total: 7.4
INFO ADV.surtidores,line 9895,18.08.2014/14:37:59,Maguera: 1Producto: ExtraVolumen :5.00Precio Unit: 1.480Iva: 0.8subtotal :6.6total: 7.4
INFO ADV.surtidores,line 9895,18.08.2014/14:39:38,Maguera: 1Producto: ExtraVolumen :5.00Precio Unit: 1.480Iva: 0.8subtotal :6.6total: 7.4
INFO ADV.surtidores,line 9895,18.08.2014/15:46:47,Maguera: 1Producto: ExtraVolumen :5.00Precio Unit: 1.480Iva: 0.8subtotal :6.6total: 7.4
INFO ADV.surtidores,line 10141,18.08.2014/15:46:47,Error: com.mysql.jdbc.exceptions.jdbc4.MySQLSyntaxErrorException: Not unique table/alias: 'cliente'
INFO ADV.surtidores,line 9895,18.08.2014/15:48:06,Maguera: 1Producto: ExtraVolumen :5.00Precio Unit: 1.480Iva: 0.8subtotal :6.6total: 7.4
INFO ADV.surtidores,line 10141,18.08.2014/15:48:06,Error: com.mysql.jdbc.exceptions.jdbc4.MySQLSyntaxErrorException: You have an error in your SQL syntax; check the manual that corresponds to your MySQL server version for the right syntax to use near 'Final' at line 1
INFO ADV.surtidores,line 9895,18.08.2014/15:49:14,Maguera: 1Producto: ExtraVolumen :5.00Precio Unit: 1.480Iva: 0.8subtotal :6.6total: 7.4
INFO ADV.surtidores,line 9895,18.08.2014/15:58:17,Maguera: 1Producto: ExtraVolumen :5.00Precio Unit: 1.480Iva: 0.8subtotal :6.6total: 7.4
INFO ADV.surtidores,line 9895,18.08.2014/15:59:52,Maguera: 1Producto: ExtraVolumen :5.00Precio Unit: 1.480Iva: 0.8subtotal :6.6total: 7.4
INFO ADV.surtidores,line 9895,18.08.2014/16:00:29,Maguera: 1Producto: ExtraVolumen :5.00Precio Unit: 1.480Iva: 0.8subtotal :6.6total: 7.4
INFO ADV.surtidores,line 9895,18.08.2014/16:23:31,Maguera: 1Producto: ExtraVolumen :5.00Precio Unit: 1.480Iva: 0.8subtotal :6.6total: 7.4
INFO ADV.surtidores,line 9895,18.08.2014/16:26:00,Maguera: 1Producto: ExtraVolumen :5.00Precio Unit: 1.480Iva: 0.8subtotal :6.6total: 7.4
INFO ADV.surtidores,line 9895,18.08.2014/16:56:27,Maguera: 1Producto: ExtraVolumen :5.00Precio Unit: 1.480Iva: 0.8subtotal :6.6total: 7.4
INFO ADV.surtidores,line 9895,18.08.2014/16:56:50,Maguera: 1Producto: ExtraVolumen :5.00Precio Unit: 1.480Iva: 0.8subtotal :6.6total: 7.4
INFO ADV.surtidores,line 9895,18.08.2014/17:01:55,Maguera: 1Producto: ExtraVolumen :5.00Precio Unit: 1.480Iva: 0.8subtotal :6.6total: 7.4
INFO ADV.surtidores,line 9895,18.08.2014/17:20:12,Maguera: 1Producto: ExtraVolumen :5.00Precio Unit: 1.480Iva: 0.8subtotal :6.6total: 7.4
INFO ADV.surtidores,line 9895,18.08.2014/17:24:32,Maguera: 1Producto: ExtraVolumen :5.00Precio Unit: 1.480Iva: 0.8subtotal :6.6total: 7.4
INFO ADV.surtidores,line 9895,18.08.2014/17:24:52,Maguera: 1Producto: ExtraVolumen :5.00Precio Unit: 1.480Iva: 0.8subtotal :6.6total: 7.4
INFO ADV.surtidores,line 9895,18.08.2014/17:24:56,Maguera: 1Producto: ExtraVolumen :5.00Precio Unit: 1.480Iva: 0.8subtotal :6.6total: 7.4
INFO ADV.surtidores,line 9895,18.08.2014/17:39:00,Maguera: 1Producto: ExtraVolumen :5.00Precio Unit: 1.480Iva: 0.8subtotal :6.6total: 7.4
INFO ADV.surtidores,line 9895,18.08.2014/17:39:10,Maguera: 1Producto: ExtraVolumen :5.00Precio Unit: 1.480Iva: 0.8subtotal :6.6total: 7.4
